<?xml version="1.0" encoding="UTF-8"?>
<!-- Generated by org.testng.reporters.JUnitReportReporter -->
<testsuite hostname="INDHYDELP221" failures="0" tests="14" name="Client_Project.TestClass1" time="440.430" errors="0" timestamp="2024-08-08T12:19:55 IST" skipped="0">
  <testcase classname="Client_Project.TestClass1" name="LoginPage" time="7.870"/>
  <system-out/>
  <testcase classname="Client_Project.TestClass1" name="LeadPageAccess" time="4.585"/>
  <system-out/>
  <testcase classname="Client_Project.TestClass1" name="LeadFillDetails" time="6.697"/>
  <system-out/>
  <testcase classname="Client_Project.TestClass1" name="ConvertToApplication" time="5.578"/>
  <system-out/>
  <testcase classname="Client_Project.TestClass1" name="CreateApp1" time="23.600"/>
  <system-out/>
  <testcase classname="Client_Project.TestClass1" name="CreateApp2" time="71.139"/>
  <system-out/>
  <testcase classname="Client_Project.TestClass1" name="CreateApp3" time="42.209"/>
  <system-out/>
  <testcase classname="Client_Project.TestClass1" name="CreateApp4" time="128.304"/>
  <system-out/>
  <testcase classname="Client_Project.TestClass1" name="ParmanentAdd" time="47.345"/>
  <system-out/>
  <testcase classname="Client_Project.TestClass1" name="SocioEconomicDetails" time="25.317"/>
  <system-out/>
  <testcase classname="Client_Project.TestClass1" name="AssetDetails" time="27.393"/>
  <system-out/>
  <testcase classname="Client_Project.TestClass1" name="Flowpage" time="17.676"/>
  <system-out/>
  <testcase classname="Client_Project.TestClass1" name="LoanEligibility" time="16.893"/>
  <system-out/>
  <testcase classname="Client_Project.TestClass1" name="BankVerification" time="15.824"/>
  <system-out/>
</testsuite> <!-- Client_Project.TestClass1 -->
